<?xml version="1.0" encoding="UTF-8"?>
<!-- Generated by org.testng.reporters.JUnitXMLReporter -->
<testsuite hostname="DESKTOP-2MDJGKN" name="Test" tests="5" failures="0" timestamp="19 Dec 2020 04:14:49 GMT" time="47.23" errors="0">
  <testcase name="execute" time="2.465" classname="Tests.MenFashionPageTest">
    <skipped/>
  </testcase> <!-- execute -->
  <testcase name="execute" time="13.369" classname="Tests.MobilePageTest"/>
  <testcase name="execute" time="0.135" classname="Tests.CheckTShirtLink">
    <skipped/>
  </testcase> <!-- execute -->
  <testcase name="execute" time="0.133" classname="Tests.CheckSignIn">
    <skipped/>
  </testcase> <!-- execute -->
  <testcase name="execute" time="24.809" classname="Tests.SearchItemTest"/>
</testsuite> <!-- Test -->
