<?xml version="1.0" encoding="UTF-8"?>
<!-- Generated by org.testng.reporters.JUnitXMLReporter -->
<testsuite hostname="DESKTOP-2MDJGKN" name="Test" tests="5" failures="0" timestamp="21 Apr 2020 12:55:06 GMT" time="62.954" errors="0">
  <testcase name="execute" time="9.272" classname="Tests.MenFashionPageTest"/>
  <testcase name="execute" time="0.194" classname="Tests.MobilePageTest">
    <skipped/>
  </testcase> <!-- execute -->
  <testcase name="execute" time="0.196" classname="Tests.CheckTShirtLink">
    <skipped/>
  </testcase> <!-- execute -->
  <testcase name="execute" time="21.021" classname="Tests.CheckSignIn"/>
  <testcase name="execute" time="25.337" classname="Tests.SearchItemTest"/>
</testsuite> <!-- Test -->
