<?xml version="1.0" encoding="UTF-8"?>
<!-- Generated by org.testng.reporters.JUnitXMLReporter -->
<testsuite hostname="DESKTOP-2MDJGKN" ignored="0" name="Test" tests="5" failures="0" timestamp="22 Apr 2020 13:38:58 GMT" time="146.659" errors="0">
  <testcase name="execute" time="9.974" classname="BasePackage.TestClass"/>
  <testcase name="execute" time="42.628" classname="Tests.MobilePageTest"/>
  <testcase name="execute" time="38.722" classname="BasePackage.TestClass"/>
  <testcase name="execute" time="19.969" classname="BasePackage.TestClass"/>
  <testcase name="execute" time="22.869" classname="Tests.SearchItemTest"/>
</testsuite> <!-- Test -->
