<?xml version="1.0" encoding="UTF-8"?>
<!-- Generated by org.testng.reporters.JUnitXMLReporter -->
<testsuite hostname="DESKTOP-2MDJGKN" ignored="0" name="Test" tests="5" failures="0" timestamp="21 Apr 2020 12:57:14 GMT" time="60.829" errors="0">
  <testcase name="execute" time="5.912" classname="BasePackage.TestClass"/>
  <testcase name="execute" time="0.096" classname="Tests.MobilePageTest">
    <skipped/>
  </testcase> <!-- execute -->
  <testcase name="execute" time="0.068" classname="BasePackage.TestClass">
    <skipped/>
  </testcase> <!-- execute -->
  <testcase name="execute" time="24.353" classname="BasePackage.TestClass"/>
  <testcase name="execute" time="24.163" classname="Tests.SearchItemTest"/>
</testsuite> <!-- Test -->
