<?xml version="1.0" encoding="UTF-8"?>
<testng-results skipped="0" failed="0" ignored="0" total="5" passed="5">
  <reporter-output>
  </reporter-output>
  <suite name="Suite" duration-ms="146659" started-at="2020-04-22T13:36:31Z" finished-at="2020-04-22T13:38:58Z">
    <groups>
    </groups>
    <test name="Test" duration-ms="146659" started-at="2020-04-22T13:36:31Z" finished-at="2020-04-22T13:38:58Z">
      <class name="Tests.CheckTShirtLink">
        <test-method status="PASS" signature="execute()[pri:0, instance:Tests.CheckTShirtLink@7bd4937b]" name="execute" duration-ms="38722" started-at="2020-04-22T13:37:29Z" finished-at="2020-04-22T13:38:08Z">
          <reporter-output>
          </reporter-output>
        </test-method> <!-- execute -->
      </class> <!-- Tests.CheckTShirtLink -->
      <class name="Tests.CheckSignIn">
        <test-method status="PASS" signature="execute()[pri:0, instance:Tests.CheckSignIn@21e360a]" name="execute" duration-ms="19969" started-at="2020-04-22T13:38:11Z" finished-at="2020-04-22T13:38:31Z">
          <reporter-output>
          </reporter-output>
        </test-method> <!-- execute -->
      </class> <!-- Tests.CheckSignIn -->
      <class name="Tests.MenFashionPageTest">
        <test-method status="PASS" signature="execute()[pri:0, instance:Tests.MenFashionPageTest@7c24b813]" name="execute" duration-ms="9974" started-at="2020-04-22T13:36:32Z" finished-at="2020-04-22T13:36:42Z">
          <reporter-output>
          </reporter-output>
        </test-method> <!-- execute -->
      </class> <!-- Tests.MenFashionPageTest -->
      <class name="Tests.SearchItemTest">
        <test-method status="PASS" signature="execute()[pri:0, instance:Tests.SearchItemTest@5ba3f27a]" name="execute" duration-ms="22869" started-at="2020-04-22T13:38:32Z" finished-at="2020-04-22T13:38:55Z">
          <reporter-output>
          </reporter-output>
        </test-method> <!-- execute -->
      </class> <!-- Tests.SearchItemTest -->
      <class name="Tests.MobilePageTest">
        <test-method status="PASS" signature="execute()[pri:0, instance:Tests.MobilePageTest@2c35e847]" name="execute" duration-ms="42628" started-at="2020-04-22T13:36:44Z" finished-at="2020-04-22T13:37:27Z">
          <reporter-output>
          </reporter-output>
        </test-method> <!-- execute -->
      </class> <!-- Tests.MobilePageTest -->
    </test> <!-- Test -->
  </suite> <!-- Suite -->
</testng-results>
